2024-10-28 10:39:03 INFO  TestBase:31 - Browser Name: chrome
2024-10-28 10:46:18 INFO  TestBase:31 - Browser Name: chrome
2024-10-28 11:01:27 INFO  TestBase:31 - Browser Name: chrome
2024-10-28 11:01:43 INFO  TestBase:44 - Application URL : https://www.giva.co/
2024-10-28 11:03:19 INFO  TestBase:31 - Browser Name: chrome
2024-10-28 11:04:54 INFO  TestBase:44 - Application URL : https://www.giva.co/
2024-10-28 11:06:38 INFO  TestBase:61 - Guest searching the product in application
2024-10-28 11:09:50 INFO  TestBase:31 - Browser Name: chrome
2024-10-28 11:10:03 INFO  TestBase:44 - Application URL : https://www.giva.co/
2024-10-28 11:14:30 INFO  TestBase:31 - Browser Name: chrome
2024-10-28 11:14:42 INFO  TestBase:44 - Application URL : https://www.giva.co/
2024-10-28 11:17:00 INFO  TestBase:31 - Browser Name: chrome
2024-10-28 11:17:11 INFO  TestBase:44 - Application URL : https://www.giva.co/
2024-10-28 11:17:57 INFO  TestBase:61 - Guest searching the product in application
2024-10-28 11:19:27 INFO  TestBase:67 - Guest buy the product item
2024-10-28 11:20:04 INFO  TestBase:31 - Browser Name: chrome
2024-10-28 11:20:19 INFO  TestBase:44 - Application URL : https://www.giva.co/
2024-10-28 11:20:30 INFO  TestBase:73 - User searching the product in application
2024-10-28 11:28:09 INFO  TestBase:31 - Browser Name: chrome
2024-10-28 11:28:18 INFO  TestBase:44 - Application URL : https://www.giva.co/
2024-10-28 11:28:41 INFO  TestBase:73 - User searching the product in application
2024-10-28 11:30:27 INFO  TestBase:31 - Browser Name: chrome
2024-10-28 11:30:33 INFO  TestBase:44 - Application URL : https://www.giva.co/
2024-10-28 11:32:34 INFO  TestBase:31 - Browser Name: chrome
2024-10-28 11:32:40 INFO  TestBase:44 - Application URL : https://www.giva.co/
2024-10-28 11:34:38 INFO  TestBase:31 - Browser Name: chrome
2024-10-28 11:34:45 INFO  TestBase:44 - Application URL : https://www.giva.co/
2024-10-28 11:36:43 INFO  TestBase:31 - Browser Name: chrome
2024-10-28 11:36:48 INFO  TestBase:44 - Application URL : https://www.giva.co/
2024-10-28 11:37:00 INFO  TestBase:72 - User login into the application
2024-10-28 11:39:16 INFO  TestBase:31 - Browser Name: chrome
2024-10-28 11:39:22 INFO  TestBase:44 - Application URL : https://www.giva.co/
2024-10-28 11:39:34 INFO  TestBase:72 - User Trying to login into the application
2024-10-28 11:42:57 INFO  TestBase:31 - Browser Name: chrome
2024-10-28 11:43:06 INFO  TestBase:44 - Application URL : https://www.giva.co/
2024-10-28 11:44:10 INFO  TestBase:31 - Browser Name: chrome
2024-10-28 11:44:17 INFO  TestBase:44 - Application URL : https://www.giva.co/
2024-10-28 11:44:29 INFO  TestBase:72 - User Trying to login into the application
2024-10-28 11:50:44 INFO  TestBase:31 - Browser Name: chrome
2024-10-28 11:50:49 INFO  TestBase:44 - Application URL : https://www.giva.co/
2024-10-28 11:55:56 INFO  TestBase:31 - Browser Name: chrome
2024-10-28 11:56:03 INFO  TestBase:44 - Application URL : https://www.giva.co/
2024-10-28 11:57:20 INFO  TestBase:74 - User searching the product in application
2024-10-28 11:58:16 INFO  TestBase:80 - Guest Add the product item into cart
2024-10-28 12:02:58 INFO  TestBase:31 - Browser Name: chrome
2024-10-28 12:03:19 INFO  TestBase:44 - Application URL : https://www.giva.co/
2024-10-28 12:03:37 INFO  TestBase:72 - User Trying to login into the application
2024-10-28 12:12:37 INFO  TestBase:31 - Browser Name: chrome
2024-10-28 12:13:41 INFO  TestBase:30 - Browser Name: chrome
2024-10-28 12:14:30 INFO  TestBase:43 - Application URL : https://www.giva.co/
2024-10-28 12:16:05 INFO  TestBase:73 - User Trying to login into the application
2024-10-28 12:16:56 INFO  TestBase:75 - User searching the product in application
2024-10-28 12:17:52 INFO  TestBase:81 - User Add the product item into cart
2024-10-28 12:21:21 INFO  TestBase:30 - Browser Name: chrome
2024-10-28 12:21:40 INFO  TestBase:43 - Application URL : https://www.giva.co/
2024-10-28 12:22:43 INFO  TestBase:73 - User Trying to login into the application
2024-10-28 12:23:12 INFO  TestBase:75 - User searching the product in application
2024-10-28 12:24:09 INFO  TestBase:81 - User Add the product item into cart
2024-10-29 12:16:42 INFO  TestBase:30 - Browser Name: chrome
2024-10-29 12:17:23 INFO  TestBase:43 - Application URL : https://www.giva.co/
2024-10-29 12:23:35 INFO  TestBase:30 - Browser Name: chrome
2024-11-01 12:40:17 INFO  TestBase:30 - Browser Name: chrome
2024-11-01 12:42:09 INFO  TestBase:43 - Application URL : https://www.giva.co/
2024-11-02 01:35:44 INFO  TestBase:30 - Browser Name: chrome
2024-11-02 01:36:14 INFO  TestBase:43 - Application URL : https://www.giva.co/
2024-11-02 01:36:38 INFO  TestBase:30 - Browser Name: chrome
2024-11-02 01:36:44 INFO  TestBase:43 - Application URL : https://www.giva.co/
2024-11-02 01:37:03 INFO  TestBase:30 - Browser Name: chrome
2024-11-02 01:37:08 INFO  TestBase:43 - Application URL : https://www.giva.co/
2024-11-02 01:37:24 INFO  TestBase:30 - Browser Name: chrome
2024-11-02 01:37:28 INFO  TestBase:43 - Application URL : https://www.giva.co/
2024-11-02 01:42:12 INFO  TestBase:30 - Browser Name: chrome
2024-11-02 01:42:22 INFO  TestBase:43 - Application URL : https://www.giva.co/
2024-11-02 01:43:18 INFO  TestBase:30 - Browser Name: chrome
2024-11-02 01:43:24 INFO  TestBase:43 - Application URL : https://www.giva.co/
2024-11-02 01:43:43 INFO  TestBase:30 - Browser Name: chrome
2024-11-02 01:43:49 INFO  TestBase:43 - Application URL : https://www.giva.co/
2024-11-02 01:44:05 INFO  TestBase:30 - Browser Name: chrome
2024-11-02 01:44:10 INFO  TestBase:43 - Application URL : https://www.giva.co/
2024-11-02 19:35:26 INFO  TestBase:38 - Browser Name: chrome
2024-11-02 19:36:55 INFO  TestBase:51 - Application URL : https://www.giva.co/
2024-11-02 19:37:32 INFO  TestBase:62 - Guest searching the product in application
2024-11-02 19:41:05 INFO  TestBase:38 - Browser Name: chrome
2024-11-02 19:41:22 INFO  TestBase:51 - Application URL : https://www.giva.co/
2024-11-02 19:41:26 INFO  TestBase:73 - User Trying to login into the application
2024-11-04 02:35:51 INFO  TestBase:38 - Browser Name: chrome
2024-11-04 02:36:10 INFO  TestBase:51 - Application URL : https://www.giva.co/
2024-11-04 02:36:33 INFO  TestBase:98 - User Login the application
2024-11-04 02:36:51 INFO  TestBase:104 - Wishlist page is running
2024-11-04 02:36:54 INFO  TestBase:38 - Browser Name: chrome
2024-11-04 02:36:59 INFO  TestBase:51 - Application URL : https://www.giva.co/
2024-11-04 02:37:08 INFO  TestBase:89 - User Login the application
2024-11-04 02:37:19 INFO  TestBase:38 - Browser Name: chrome
2024-11-04 02:37:23 INFO  TestBase:51 - Application URL : https://www.giva.co/
2024-11-04 02:37:30 INFO  TestBase:110 - Multiple User login the application
2024-11-04 02:37:40 INFO  TestBase:38 - Browser Name: chrome
2024-11-04 02:37:45 INFO  TestBase:51 - Application URL : https://www.giva.co/
2024-11-04 02:37:53 INFO  TestBase:110 - Multiple User login the application
2024-11-04 02:38:00 INFO  TestBase:38 - Browser Name: chrome
2024-11-04 02:38:06 INFO  TestBase:51 - Application URL : https://www.giva.co/
2024-11-04 02:38:16 INFO  TestBase:110 - Multiple User login the application
2024-11-04 02:38:24 INFO  TestBase:38 - Browser Name: chrome
2024-11-04 02:38:28 INFO  TestBase:51 - Application URL : https://www.giva.co/
2024-11-04 02:38:49 INFO  TestBase:38 - Browser Name: chrome
2024-11-04 02:38:55 INFO  TestBase:51 - Application URL : https://www.giva.co/
2024-11-04 02:46:36 INFO  TestBase:38 - Browser Name: chrome
2024-11-04 02:46:44 INFO  TestBase:51 - Application URL : https://www.giva.co/
2024-11-04 02:46:56 INFO  TestBase:98 - User Login the application
2024-11-04 02:47:26 INFO  TestBase:104 - Wishlist page is running
2024-11-04 02:47:28 INFO  TestBase:38 - Browser Name: chrome
2024-11-04 02:47:34 INFO  TestBase:51 - Application URL : https://www.giva.co/
2024-11-04 02:49:38 INFO  TestBase:38 - Browser Name: chrome
2024-11-04 02:49:42 INFO  TestBase:51 - Application URL : https://www.giva.co/
2024-11-04 02:49:55 INFO  TestBase:98 - User Login the application
2024-11-04 02:50:41 INFO  TestBase:104 - Wishlist page is running
2024-11-04 02:50:50 INFO  TestBase:38 - Browser Name: chrome
2024-11-04 02:51:01 INFO  TestBase:51 - Application URL : https://www.giva.co/
2024-11-04 02:51:17 INFO  TestBase:89 - User Login the application
2024-11-04 02:51:28 INFO  TestBase:38 - Browser Name: chrome
2024-11-04 02:51:32 INFO  TestBase:51 - Application URL : https://www.giva.co/
2024-11-04 02:51:48 INFO  TestBase:110 - Multiple User login the application
2024-11-04 02:51:56 INFO  TestBase:38 - Browser Name: chrome
2024-11-04 02:52:02 INFO  TestBase:51 - Application URL : https://www.giva.co/
2024-11-04 02:52:13 INFO  TestBase:110 - Multiple User login the application
2024-11-04 02:52:22 INFO  TestBase:38 - Browser Name: chrome
2024-11-04 02:52:27 INFO  TestBase:51 - Application URL : https://www.giva.co/
2024-11-04 02:52:35 INFO  TestBase:110 - Multiple User login the application
2024-11-04 02:52:46 INFO  TestBase:38 - Browser Name: chrome
2024-11-04 02:52:51 INFO  TestBase:51 - Application URL : https://www.giva.co/
2024-11-04 02:53:08 INFO  TestBase:38 - Browser Name: chrome
2024-11-04 02:53:12 INFO  TestBase:51 - Application URL : https://www.giva.co/
2024-11-04 02:57:28 INFO  TestBase:38 - Browser Name: chrome
2024-11-04 02:57:34 INFO  TestBase:51 - Application URL : https://www.giva.co/
2024-11-04 02:57:46 INFO  TestBase:66 - Register the application
2024-11-04 02:58:00 INFO  TestBase:38 - Browser Name: chrome
2024-11-04 02:58:03 INFO  TestBase:51 - Application URL : https://www.giva.co/
2024-11-04 02:58:20 INFO  TestBase:66 - Register the application
2024-11-04 02:58:29 INFO  TestBase:38 - Browser Name: chrome
2024-11-04 02:58:34 INFO  TestBase:51 - Application URL : https://www.giva.co/
2024-11-04 02:58:44 INFO  TestBase:66 - Register the application
2024-11-04 03:01:45 INFO  TestBase:38 - Browser Name: chrome
2024-11-04 03:01:51 INFO  TestBase:51 - Application URL : https://www.giva.co/
2024-11-04 03:02:00 INFO  TestBase:62 - Guest searching the product in application
2024-11-04 03:02:12 INFO  TestBase:68 - Guest buy the product item
2024-11-04 03:02:14 INFO  TestBase:38 - Browser Name: chrome
2024-11-04 03:02:18 INFO  TestBase:51 - Application URL : https://www.giva.co/
2024-11-04 03:02:28 INFO  TestBase:73 - User Trying to login into the application
2024-11-04 03:02:37 INFO  TestBase:75 - User searching the product in application
2024-11-04 03:02:59 INFO  TestBase:81 - User Add the product item into cart
2024-11-04 03:07:44 INFO  TestBase:38 - Browser Name: chrome
2024-11-04 03:07:50 INFO  TestBase:51 - Application URL : https://www.giva.co/
2024-11-04 03:08:00 INFO  TestBase:77 - select the Store using city
2024-11-04 03:08:19 INFO  TestBase:38 - Browser Name: chrome
2024-11-04 03:08:24 INFO  TestBase:51 - Application URL : https://www.giva.co/
2024-11-04 03:08:35 INFO  TestBase:87 - Store page
2024-11-04 03:13:34 INFO  TestBase:38 - Browser Name: chrome
2024-11-04 03:13:41 INFO  TestBase:51 - Application URL : https://www.giva.co/
2024-11-04 03:13:50 INFO  TestBase:87 - Store page
2024-11-04 03:13:54 INFO  TestBase:89 - Store page logo clicked
2024-11-04 03:14:09 INFO  TestBase:91 - clicekd on gift store
2024-11-04 03:24:59 INFO  TestBase:38 - Browser Name: chrome
2024-11-04 03:25:12 INFO  TestBase:51 - Application URL : https://www.giva.co/
2024-11-04 03:25:35 INFO  TestBase:87 - Store page
2024-11-04 03:25:39 INFO  TestBase:89 - Store page logo clicked
2024-11-04 03:25:41 INFO  TestBase:91 - clicekd on gift store
2024-11-04 03:25:44 INFO  TestBase:93 - Clicked on giva giftstore
2024-11-04 03:45:56 INFO  TestBase:38 - Browser Name: chrome
2024-11-04 03:46:25 INFO  TestBase:51 - Application URL : https://www.giva.co/
2024-11-04 03:47:41 INFO  TestBase:51 - Add the product item to cart
2024-11-04 03:48:27 INFO  TestBase:38 - Browser Name: chrome
2024-11-04 03:48:35 INFO  TestBase:51 - Application URL : https://www.giva.co/
2024-11-04 03:48:38 INFO  TestBase:89 - User Login the application
2024-11-04 03:48:58 INFO  TestBase:73 - User Trying to login into the application
2024-11-04 03:49:36 INFO  TestBase:38 - Browser Name: chrome
2024-11-04 03:49:41 INFO  TestBase:51 - Application URL : https://www.giva.co/
2024-11-04 03:50:19 INFO  TestBase:66 - Open the cart
2024-11-04 03:52:55 INFO  TestBase:38 - Browser Name: chrome
2024-11-04 03:53:02 INFO  TestBase:51 - Application URL : https://www.giva.co/
2024-11-04 03:53:21 INFO  TestBase:62 - Guest searching the product in application
2024-11-04 03:53:42 INFO  TestBase:68 - Guest buy the product item
2024-11-04 03:53:42 INFO  TestBase:109 - Guest checkout securely
2024-11-04 03:54:12 INFO  TestBase:120 - Payment Done
2024-11-04 03:57:15 INFO  TestBase:38 - Browser Name: chrome
2024-11-04 03:57:22 INFO  TestBase:51 - Application URL : https://www.giva.co/
2024-11-04 03:57:33 INFO  TestBase:62 - Guest searching the product in application
2024-11-04 03:57:50 INFO  TestBase:68 - Guest buy the product item
2024-11-04 03:57:50 INFO  TestBase:109 - Guest checkout securely
2024-11-04 03:58:07 INFO  TestBase:120 - Payment Done
2024-11-04 03:59:25 INFO  TestBase:38 - Browser Name: chrome
2024-11-04 03:59:34 INFO  TestBase:51 - Application URL : https://www.giva.co/
2024-11-04 03:59:49 INFO  TestBase:89 - User Login the application
2024-11-04 03:59:58 INFO  TestBase:73 - User Trying to login into the application
2024-11-04 04:02:54 INFO  TestBase:38 - Browser Name: chrome
2024-11-04 04:02:58 INFO  TestBase:51 - Application URL : https://www.giva.co/
2024-11-04 04:03:21 INFO  TestBase:89 - User Login the application
2024-11-04 04:03:28 INFO  TestBase:73 - User Trying to login into the application
2024-11-04 04:05:18 INFO  TestBase:38 - Browser Name: chrome
2024-11-04 04:05:25 INFO  TestBase:51 - Application URL : https://www.giva.co/
2024-11-04 04:05:39 INFO  TestBase:73 - User Trying to login into the application
2024-11-04 04:05:51 INFO  TestBase:75 - User searching the product in application
2024-11-04 04:06:23 INFO  TestBase:81 - User Add the product item into cart
2024-11-04 04:06:36 INFO  TestBase:51 - Add the product item to cart
2024-11-04 04:06:36 INFO  TestBase:128 - User checkout securely
2024-11-04 04:11:25 INFO  TestBase:38 - Browser Name: chrome
2024-11-04 04:11:31 INFO  TestBase:51 - Application URL : https://www.giva.co/
2024-11-04 04:11:40 INFO  TestBase:73 - User Trying to login into the application
2024-11-04 04:11:50 INFO  TestBase:75 - User searching the product in application
2024-11-04 04:12:17 INFO  TestBase:81 - User Add the product item into cart
2024-11-04 04:12:28 INFO  TestBase:51 - Add the product item to cart
2024-11-04 04:12:38 INFO  TestBase:134 - User checkout securely
2024-11-04 04:12:45 INFO  TestBase:141 - Payment Done
2024-11-04 04:13:41 INFO  TestBase:38 - Browser Name: chrome
2024-11-04 04:13:47 INFO  TestBase:51 - Application URL : https://www.giva.co/
2024-11-04 04:14:08 INFO  TestBase:51 - Add the product item to cart
2024-11-04 04:14:10 INFO  TestBase:38 - Browser Name: chrome
2024-11-04 04:14:14 INFO  TestBase:51 - Application URL : https://www.giva.co/
2024-11-04 04:14:23 INFO  TestBase:89 - User Login the application
2024-11-04 04:14:34 INFO  TestBase:73 - User Trying to login into the application
2024-11-04 04:15:13 INFO  TestBase:38 - Browser Name: chrome
2024-11-04 04:15:16 INFO  TestBase:51 - Application URL : https://www.giva.co/
2024-11-04 04:15:32 INFO  TestBase:66 - Open the cart
2024-11-04 04:18:25 INFO  TestBase:38 - Browser Name: chrome
2024-11-04 04:18:33 INFO  TestBase:51 - Application URL : https://www.giva.co/
2024-11-04 04:18:43 INFO  TestBase:73 - User Trying to login into the application
2024-11-04 04:18:53 INFO  TestBase:75 - User searching the product in application
2024-11-04 04:19:25 INFO  TestBase:81 - User Add the product item into cart
2024-11-04 04:19:33 INFO  TestBase:59 - Open the cart
2024-11-04 04:22:52 INFO  TestBase:38 - Browser Name: chrome
2024-11-04 04:22:59 INFO  TestBase:51 - Application URL : https://www.giva.co/
2024-11-04 04:23:16 INFO  TestBase:89 - User Login the application
2024-11-04 04:23:25 INFO  TestBase:73 - User Trying to login into the application
2024-11-04 04:27:19 INFO  TestBase:38 - Browser Name: chrome
2024-11-04 04:27:27 INFO  TestBase:51 - Application URL : https://www.giva.co/
2024-11-04 04:27:46 INFO  TestBase:62 - Guest searching the product in application
2024-11-04 04:28:04 INFO  TestBase:68 - Guest buy the product item
2024-11-04 04:28:04 INFO  TestBase:114 - Guest checkout securely
2024-11-04 04:28:25 INFO  TestBase:125 - Payment Done
2024-11-04 12:18:45 INFO  TestBase:38 - Browser Name: chrome
2024-11-04 12:19:29 INFO  TestBase:51 - Application URL : https://www.giva.co/
2024-11-04 12:20:48 INFO  TestBase:51 - Add the product item to cart
2024-11-04 12:20:50 INFO  TestBase:38 - Browser Name: chrome
2024-11-04 12:21:01 INFO  TestBase:51 - Application URL : https://www.giva.co/
2024-11-04 12:21:15 INFO  TestBase:73 - User Trying to login into the application
2024-11-04 12:21:24 INFO  TestBase:75 - User searching the product in application
2024-11-04 12:21:48 INFO  TestBase:81 - User Add the product item into cart
2024-11-04 12:22:02 INFO  TestBase:59 - Open the cart
2024-11-04 12:22:14 INFO  TestBase:38 - Browser Name: chrome
2024-11-04 12:22:24 INFO  TestBase:51 - Application URL : https://www.giva.co/
2024-11-04 12:22:38 INFO  TestBase:62 - Guest searching the product in application
2024-11-04 12:23:21 INFO  TestBase:68 - Guest buy the product item
2024-11-04 12:23:21 INFO  TestBase:114 - Guest checkout securely
2024-11-04 12:23:43 INFO  TestBase:125 - Payment Done
2024-11-04 12:23:45 INFO  TestBase:38 - Browser Name: chrome
2024-11-04 12:23:53 INFO  TestBase:51 - Application URL : https://www.giva.co/
2024-11-04 12:24:10 INFO  TestBase:73 - User Trying to login into the application
2024-11-04 12:24:19 INFO  TestBase:75 - User searching the product in application
2024-11-04 12:24:45 INFO  TestBase:81 - User Add the product item into cart
2024-11-04 12:24:56 INFO  TestBase:51 - Add the product item to cart
2024-11-04 12:25:12 INFO  TestBase:134 - User checkout securely
2024-11-04 12:25:19 INFO  TestBase:141 - Payment Done
2024-11-04 12:25:20 INFO  TestBase:38 - Browser Name: chrome
2024-11-04 12:25:30 INFO  TestBase:51 - Application URL : https://www.giva.co/
2024-11-04 12:25:44 INFO  TestBase:98 - User Login the application
2024-11-04 12:25:54 INFO  TestBase:104 - Wishlist page is running
2024-11-04 12:25:55 INFO  TestBase:38 - Browser Name: chrome
2024-11-04 12:26:00 INFO  TestBase:51 - Application URL : https://www.giva.co/
2024-11-04 12:26:16 INFO  TestBase:89 - User Login the application
2024-11-04 12:26:26 INFO  TestBase:38 - Browser Name: chrome
2024-11-04 12:26:32 INFO  TestBase:51 - Application URL : https://www.giva.co/
2024-11-04 12:26:41 INFO  TestBase:110 - Multiple User login the application
2024-11-04 12:26:51 INFO  TestBase:38 - Browser Name: chrome
2024-11-04 12:26:55 INFO  TestBase:51 - Application URL : https://www.giva.co/
2024-11-04 12:27:03 INFO  TestBase:110 - Multiple User login the application
2024-11-04 12:27:12 INFO  TestBase:38 - Browser Name: chrome
2024-11-04 12:27:17 INFO  TestBase:51 - Application URL : https://www.giva.co/
2024-11-04 12:27:26 INFO  TestBase:110 - Multiple User login the application
2024-11-04 12:27:36 INFO  TestBase:38 - Browser Name: chrome
2024-11-04 12:27:42 INFO  TestBase:51 - Application URL : https://www.giva.co/
2024-11-04 12:28:02 INFO  TestBase:38 - Browser Name: chrome
2024-11-04 12:28:06 INFO  TestBase:51 - Application URL : https://www.giva.co/
2024-11-04 12:28:18 INFO  TestBase:38 - Browser Name: chrome
2024-11-04 12:28:23 INFO  TestBase:51 - Application URL : https://www.giva.co/
2024-11-04 12:28:33 INFO  TestBase:66 - Register the application
2024-11-04 12:28:48 INFO  TestBase:38 - Browser Name: chrome
2024-11-04 12:28:54 INFO  TestBase:51 - Application URL : https://www.giva.co/
2024-11-04 12:29:10 INFO  TestBase:66 - Register the application
2024-11-04 12:29:29 INFO  TestBase:38 - Browser Name: chrome
2024-11-04 12:29:38 INFO  TestBase:51 - Application URL : https://www.giva.co/
2024-11-04 12:29:57 INFO  TestBase:66 - Register the application
2024-11-04 12:30:08 INFO  TestBase:38 - Browser Name: chrome
2024-11-04 12:30:12 INFO  TestBase:51 - Application URL : https://www.giva.co/
2024-11-04 12:30:23 INFO  TestBase:62 - Guest searching the product in application
2024-11-04 12:30:45 INFO  TestBase:68 - Guest buy the product item
2024-11-04 12:30:46 INFO  TestBase:38 - Browser Name: chrome
2024-11-04 12:30:52 INFO  TestBase:51 - Application URL : https://www.giva.co/
2024-11-04 12:31:02 INFO  TestBase:73 - User Trying to login into the application
2024-11-04 12:31:10 INFO  TestBase:75 - User searching the product in application
2024-11-04 12:31:41 INFO  TestBase:81 - User Add the product item into cart
2024-11-04 12:31:47 INFO  TestBase:38 - Browser Name: chrome
2024-11-04 12:31:52 INFO  TestBase:51 - Application URL : https://www.giva.co/
2024-11-04 12:32:10 INFO  TestBase:77 - select the Store using city
2024-11-04 12:32:24 INFO  TestBase:38 - Browser Name: chrome
2024-11-04 12:32:30 INFO  TestBase:51 - Application URL : https://www.giva.co/
2024-11-04 12:32:46 INFO  TestBase:87 - Store page
2024-11-04 12:32:50 INFO  TestBase:89 - Store page logo clicked
2024-11-04 12:32:50 INFO  TestBase:91 - clicekd on gift store
2024-11-04 12:32:54 INFO  TestBase:93 - Clicked on giva giftstore
2024-11-06 13:29:48 INFO  TestBase:38 - Browser Name: chrome
2024-11-06 13:30:42 INFO  TestBase:51 - Application URL : https://www.giva.co/
2024-11-06 13:31:40 INFO  TestBase:38 - Browser Name: chrome
2024-11-06 13:31:45 INFO  TestBase:51 - Application URL : https://www.giva.co/
2024-11-06 13:31:57 INFO  TestBase:110 - Multiple User login the application
2024-11-06 13:32:09 INFO  TestBase:38 - Browser Name: chrome
2024-11-06 13:32:16 INFO  TestBase:51 - Application URL : https://www.giva.co/
2024-11-06 13:32:35 INFO  TestBase:110 - Multiple User login the application
2024-11-06 13:32:45 INFO  TestBase:38 - Browser Name: chrome
2024-11-06 13:32:50 INFO  TestBase:51 - Application URL : https://www.giva.co/
2024-11-06 13:33:03 INFO  TestBase:110 - Multiple User login the application
